Starting the Apache2.2 service
The Apache2.2 service is running.
] Apache/2.2.21 (Win32) configured -- resuming normal operations
[Sun Jan 08 11:02:49 2012] [notice] Server built: Sep  9 2011 10:26:10
[Sun Jan 08 11:02:49 2012] [notice] Parent: Created child process 3560
[Sun Jan 08 11:02:49 2012] [notice] Child 3560: Child process is running
[Sun Jan 08 11:02:49 2012] [notice] Child 3560: Acquired the start mutex.
[Sun Jan 08 11:02:49 2012] [notice] Child 3560: Starting 64 worker threads.
[Sun Jan 08 11:02:49 2012] [notice] Child 3560: Starting thread to listen on port 80.
[Sun Jan 08 11:02:56 2012] [notice] Parent: Received shutdown signal -- Shutting down the server.
[Sun Jan 08 11:02:56 2012] [notice] Child 3560: Exit event signaled. Child process is ending.
[Sun Jan 08 11:02:57 2012] [notice] Child 3560: Released the start mutex
[Sun Jan 08 11:02:58 2012] [notice] Child 3560: All worker threads have exited.
[Sun Jan 08 11:02:58 2012] [notice] Child 3560: Child process is exiting
[Sun Jan 08 11:02:58 2012] [notice] Parent: Child process exited successfully.
[Sun Jan 08 11:03:29 2012] [notice] Apache/2.2.21 (Win32) configured -- resuming normal operations
[Sun Jan 08 11:03:29 2012] [notice] Server built: Sep  9 2011 10:26:10
[Sun Jan 08 11:03:29 2012] [notice] Parent: Created child process 3788
[Sun Jan 08 11:03:29 2012] [notice] Child 3788: Child process is running
[Sun Jan 08 11:03:29 2012] [notice] Child 3788: Acquired the start mutex.
[Sun Jan 08 11:03:29 2012] [notice] Child 3788: Starting 64 worker threads.
[Sun Jan 08 11:03:29 2012] [notice] Child 3788: Starting thread to listen on port 80.
[Sun Jan 08 11:04:12 2012] [notice] Parent: Received shutdown signal -- Shutting down the server.
[Sun Jan 08 11:04:12 2012] [notice] Child 3788: Exit event signaled. Child process is ending.
[Sun Jan 08 11:04:13 2012] [notice] Child 3788: Released the start mutex
[Sun Jan 08 11:04:14 2012] [notice] Child 3788: All worker threads have exited.
[Sun Jan 08 11:04:14 2012] [notice] Child 3788: Child process is exiting
[Sun Jan 08 11:04:14 2012] [notice] Parent: Child process exited successfully.
[Sun Jan 08 11:07:36 2012] [notice] Apache/2.2.21 (Win32) configured -- resuming normal operations
[Sun Jan 08 11:07:36 2012] [notice] Server built: Sep  9 2011 10:26:10
[Sun Jan 08 11:07:36 2012] [notice] Parent: Created child process 2900
[Sun Jan 08 11:07:36 2012] [notice] Child 2900: Child process is running
[Sun Jan 08 11:07:36 2012] [notice] Child 2900: Acquired the start mutex.
[Sun Jan 08 11:07:36 2012] [notice] Child 2900: Starting 64 worker threads.
[Sun Jan 08 11:07:37 2012] [notice] Child 2900: Starting thread to listen on port 80.
[Sun Jan 08 11:11:04 2012] [error] [client 127.0.0.1] File does not exist: C:/Program Files/Apache Software Foundation/Apache2.2/htdocs/printenv.pl
[Sun Jan 08 11:11:14 2012] [error] [client 127.0.0.1] (OS 3)The system cannot find the path specified.  : couldn't create child process: 720003: printenv.pl
[Sun Jan 08 11:11:14 2012] [error] [client 127.0.0.1] (OS 3)The system cannot find the path specified.  : couldn't spawn child process: C:/Program Files/Apache Software Foundation/Apache2.2/cgi-bin/printenv.pl
[Sun Jan 08 11:11:38 2012] [error] [client 127.0.0.1] script not found or unable to stat: C:/Program Files/Apache Software Foundation/Apache2.2/cgi-bin/printenv
[Tue Jan 10 10:13:05 2012] [warn] pid file C:/Program Files/Apache Software Foundation/Apache2.2/logs/httpd.pid overwritten -- Unclean shutdown of previous Apache run?
[Tue Jan 10 10:13:05 2012] [notice] Apache/2.2.21 (Win32) configured -- resuming normal operations
[Tue Jan 10 10:13:05 2012] [notice] Server built: Sep  9 2011 10:26:10
[Tue Jan 10 10:13:05 2012] [notice] Parent: Created child process 1352
[Tue Jan 10 10:13:05 2012] [notice] Child 1352: Child process is running
[Tue Jan 10 10:13:05 2012] [notice] Child 1352: Acquired the start mutex.
[Tue Jan 10 10:13:05 2012] [notice] Child 1352: Starting 64 worker threads.
[Tue Jan 10 10:13:05 2012] [notice] Child 1352: Starting thread to listen on port 80.
[Thu Jan 12 14:07:28 2012] [warn] pid file C:/Program Files/Apache Software Foundation/Apache2.2/logs/httpd.pid overwritten -- Unclean shutdown of previous Apache run?
[Thu Jan 12 14:07:29 2012] [notice] Apache/2.2.21 (Win32) configured -- resuming normal operations
[Thu Jan 12 14:07:29 2012] [notice] Server built: Sep  9 2011 10:26:10
[Thu Jan 12 14:07:29 2012] [notice] Parent: Created child process 2088
[Thu Jan 12 14:07:29 2012] [notice] Child 2088: Child process is running
[Thu Jan 12 14:07:29 2012] [notice] Child 2088: Acquired the start mutex.
[Thu Jan 12 14:07:29 2012] [notice] Child 2088: Starting 64 worker threads.
[Thu Jan 12 14:07:29 2012] [notice] Child 2088: Starting thread to listen on port 80.
[Thu Jan 12 14:20:24 2012] [error] [client 127.0.0.1] File does not exist: C:/Program Files/Apache Software Foundation/Apache2.2/htdocs/WebTours
[Thu Jan 12 14:20:24 2012] [error] [client 127.0.0.1] File does not exist: C:/Program Files/Apache Software Foundation/Apache2.2/htdocs/favicon.ico
[Thu Jan 12 14:20:34 2012] [error] [client 127.0.0.1] File does not exist: C:/Program Files/Apache Software Foundation/Apache2.2/htdocs/WebTours
[Thu Jan 12 14:20:39 2012] [error] [client 127.0.0.1] File does not exist: C:/Program Files/Apache Software Foundation/Apache2.2/htdocs/WebTours
[Thu Jan 12 14:27:50 2012] [notice] Parent: Received shutdown signal -- Shutting down the server.
[Thu Jan 12 14:27:50 2012] [notice] Child 2088: Exit event signaled. Child process is ending.
[Thu Jan 12 14:27:50 2012] [notice] Child 2088: Released the start mutex
[Thu Jan 12 14:27:51 2012] [notice] Child 2088: All worker threads have exited.
[Thu Jan 12 14:27:51 2012] [notice] Child 2088: Child process is exiting
[Thu Jan 12 14:27:51 2012] [notice] Parent: Child process exited successfully.
[Thu Jan 12 14:27:52 2012] [notice] Apache/2.2.21 (Win32) configured -- resuming normal operations
[Thu Jan 12 14:27:52 2012] [notice] Server built: Sep  9 2011 10:26:10
[Thu Jan 12 14:27:52 2012] [notice] Parent: Created child process 3632
Apache server interrupted...
otice] Child 3632: Child process is running
[Thu Jan 12 14:27:52 2012] [notice] Child 3632: Acquired the start mutex.
[Thu Jan 12 14:27:52 2012] [notice] Child 3632: Starting 64 worker threads.
[Thu Jan 12 14:27:52 2012] [notice] Child 3632: Starting thread to listen on port 80.
[Thu Jan 12 14:28:15 2012] [notice] Parent: Received shutdown signal -- Shutting down the server.
Apache server interrupted...
Apache server interrupted...
Apache server interrupted...
Apache server interrupted...
Apache server interrupted...
Apache server interrupted...
Apache server interrupted...
Apache server interrupted...
Apache server interrupted...
Apache server interrupted...
Apache server interrupted...
Apache server interrupted...
Apache server interrupted...
Apache server interrupted...
Apache server interrupted...
Apache server interrupted...
Apache server interrupted...
Apache server interrupted...
Apache server interrupted...
Apache server interrupted...
Apache server interrupted...
Apache server interrupted...
Apache server interrupted...
Apache server interrupted...
Apache server interrupted...
Apache server interrupted...
Apache server interrupted...
Apache server interrupted...
Apache server interrupted...
[Thu Jan 12 14:28:17 2012] [notice] Child 3632: All worker threads have exited.
[Thu Jan 12 14:28:17 2012] [notice] Child 3632: Child process is exiting
[Thu Jan 12 14:28:17 2012] [notice] Parent: Child process exited successfully.
Starting the Apache2.2 service
The Apache2.2 service is running.
] Apache/2.2.21 (Win32) configured -- resuming normal operations
[Thu Jan 12 14:28:38 2012] [notice] Server built: Sep  9 2011 10:26:10
[Thu Jan 12 14:28:38 2012] [notice] Parent: Created child process 3784
[Thu Jan 12 14:28:38 2012] [notice] Child 3784: Child process is running
[Thu Jan 12 14:28:38 2012] [notice] Child 3784: Acquired the start mutex.
[Thu Jan 12 14:28:38 2012] [notice] Child 3784: Starting 64 worker threads.
[Thu Jan 12 14:28:38 2012] [notice] Child 3784: Starting thread to listen on port 80.
[Thu Jan 12 14:29:29 2012] [notice] Parent: Received shutdown signal -- Shutting down the server.
[Thu Jan 12 14:29:29 2012] [notice] Child 3784: Exit event signaled. Child process is ending.
[Thu Jan 12 14:29:31 2012] [notice] Child 3784: Released the start mutex
[Thu Jan 12 14:29:32 2012] [notice] Child 3784: All worker threads have exited.
[Thu Jan 12 14:29:32 2012] [notice] Child 3784: Child process is exiting
[Thu Jan 12 14:29:32 2012] [notice] Parent: Child process exited successfully.
[Fri Mar 11 14:42:05 2022] [notice] Apache/2.2.21 (Win32) configured -- resuming normal operations
[Fri Mar 11 14:42:05 2022] [notice] Server built: Sep  9 2011 10:26:10
[Fri Mar 11 14:42:05 2022] [notice] Parent: Created child process 13724
Apache server shutdown initiated...
Child 13724: Child process is running
[Fri Mar 11 14:42:15 2022] [notice] Child 13724: Acquired the start mutex.
[Fri Mar 11 14:42:15 2022] [notice] Child 13724: Starting 64 worker threads.
[Fri Mar 11 14:42:15 2022] [notice] Child 13724: Starting thread to listen on port 1080.
[Fri Mar 11 14:42:58 2022] [error] [client 127.0.0.1] Directory index forbidden by Options directive: C:/Users/mkalamshabaz/Documents/Personal/WorkDocs/WebTours_Jmeter/htdocs/
[Fri Mar 11 14:42:59 2022] [error] [client 127.0.0.1] File does not exist: C:/Users/mkalamshabaz/Documents/Personal/WorkDocs/WebTours_Jmeter/htdocs/favicon.ico, referer: http://localhost:1080/
[Fri Mar 11 20:01:29 2022] [notice] Parent: Received shutdown signal -- Shutting down the server.
[Fri Mar 11 20:01:29 2022] [notice] Child 13724: Exit event signaled. Child process is ending.
[Fri Mar 11 20:01:30 2022] [notice] Child 13724: Released the start mutex
[Fri Mar 11 20:01:31 2022] [notice] Child 13724: All worker threads have exited.
[Fri Mar 11 20:01:31 2022] [notice] Child 13724: Child process is exiting
[Fri Mar 11 20:01:31 2022] [notice] Parent: Child process exited successfully.
[Mon Mar 14 10:04:27 2022] [notice] Apache/2.2.21 (Win32) configured -- resuming normal operations
[Mon Mar 14 10:04:27 2022] [notice] Server built: Sep  9 2011 10:26:10
[Mon Mar 14 10:04:27 2022] [notice] Parent: Created child process 22040
Apache server shutdown initiated...
Child 22040: Child process is running
[Mon Mar 14 10:04:36 2022] [notice] Child 22040: Acquired the start mutex.
[Mon Mar 14 10:04:36 2022] [notice] Child 22040: Starting 64 worker threads.
[Mon Mar 14 10:04:36 2022] [notice] Child 22040: Starting thread to listen on port 1080.
[Mon Mar 14 10:08:32 2022] [error] [client 127.0.0.1] File does not exist: C:/Users/mkalamshabaz/Documents/Personal/WorkDocs/WebTours_Jmeter/htdocs/favicon.ico, referer: http://localhost:1080/webTours/home.html
[Mon Mar 14 10:11:24 2022] [error] [client 127.0.0.1] File does not exist: C:/Users/mkalamshabaz/Documents/Personal/WorkDocs/WebTours_Jmeter/htdocs/favicon.ico, referer: http://localhost:1080/cgi-bin/welcome.pl?page=menus
[Mon Mar 14 10:15:05 2022] [error] [client 127.0.0.1] File does not exist: C:/Users/mkalamshabaz/Documents/Personal/WorkDocs/WebTours_Jmeter/htdocs/login.pl
[Mon Mar 14 10:16:50 2022] [error] [client 127.0.0.1] File does not exist: C:/Users/mkalamshabaz/Documents/Personal/WorkDocs/WebTours_Jmeter/htdocs/WebTours/index.html
[Mon Mar 14 12:22:31 2022] [notice] Parent: Received shutdown signal -- Shutting down the server.
[Mon Mar 14 12:22:31 2022] [notice] Child 22040: Exit event signaled. Child process is ending.
[Mon Mar 14 12:22:32 2022] [notice] Child 22040: Released the start mutex
[Mon Mar 14 12:22:33 2022] [notice] Child 22040: All worker threads have exited.
[Mon Mar 14 12:22:33 2022] [notice] Child 22040: Child process is exiting
[Mon Mar 14 12:22:33 2022] [notice] Parent: Child process exited successfully.
[Mon Mar 14 15:48:28 2022] [notice] Apache/2.2.21 (Win32) configured -- resuming normal operations
[Mon Mar 14 15:48:28 2022] [notice] Server built: Sep  9 2011 10:26:10
[Mon Mar 14 15:48:28 2022] [notice] Parent: Created child process 27616
Apache server shutdown initiated...
Child 27616: Child process is running
[Mon Mar 14 15:48:29 2022] [notice] Child 27616: Acquired the start mutex.
[Mon Mar 14 15:48:29 2022] [notice] Child 27616: Starting 64 worker threads.
[Mon Mar 14 15:48:29 2022] [notice] Child 27616: Starting thread to listen on port 1080.
[Mon Mar 14 17:43:16 2022] [notice] Parent: Received shutdown signal -- Shutting down the server.
[Mon Mar 14 17:43:16 2022] [notice] Child 27616: Exit event signaled. Child process is ending.
[Mon Mar 14 17:43:17 2022] [notice] Child 27616: Released the start mutex
[Mon Mar 14 17:43:18 2022] [notice] Child 27616: All worker threads have exited.
[Mon Mar 14 17:43:18 2022] [notice] Child 27616: Child process is exiting
[Mon Mar 14 17:43:18 2022] [notice] Parent: Child process exited successfully.
